<?xml version="1.0" encoding="UTF-8"?>
<!-- Generated by org.testng.reporters.JUnitReportReporter -->
<testsuite hostname="SadiaSamin" failures="0" tests="3" name="Test.SampleTest" time="12.442" errors="0" timestamp="2024-10-01T20:29:46 CDT" skipped="0">
  <testcase classname="Test.SampleTest" name="testCase2" time="4.774"/>
  <testcase classname="Test.SampleTest" name="testCase3" time="3.795"/>
  <testcase classname="Test.SampleTest" name="testCase1" time="3.873"/>
</testsuite> <!-- Test.SampleTest -->
